<?xml version="1.0" encoding="UTF-8"?>
<!-- Generated by org.testng.reporters.JUnitXMLReporter -->
<testsuite ignored="0" hostname="DESKTOP-NRJLUV5" failures="0" tests="10" name="Test" time="2.877" errors="0" timestamp="2020-06-30T16:31:18 EDT">
  <testcase classname="UserAPI.AllUsers" name="getAllUserResponseBody" time="1.761"/>
  <testcase classname="UserAPI.AllUsers" name="getAllUserResponseHeaders" time="0.034"/>
  <testcase classname="UserAPI.AllUsers" name="getAllUserStatusCode" time="0.034"/>
  <testcase classname="UserAPI.SearchByUserName" name="getUserByFirstNameResponseBody" time="0.048"/>
  <testcase classname="UserAPI.SearchByUserName" name="getUserByFirstNameResponseHeader" time="0.038"/>
  <testcase classname="UserAPI.SearchByUserName" name="getUserByFirstNameStatusCode" time="0.049"/>
  <testcase classname="UserAPI.FindByEmail" name="getUserByEmail_ResponseBody" time="0.676"/>
  <testcase classname="UserAPI.FindByEmail" name="getUserByEmail_StatusCode" time="0.031"/>
  <testcase classname="UserAPI.FindByEmail" name="getUserByFirstNameResponseHeader" time="0.023"/>
  <testcase classname="UserAPI.NewUserRegister" name="createNewUser" time="0.116"/>
</testsuite> <!-- Test -->
