<?xml version="1.0" encoding="UTF-8"?>
<testng-results ignored="0" total="10" passed="10" failed="0" skipped="0">
  <reporter-output>
  </reporter-output>
  <suite started-at="2020-06-30T16:31:15 EDT" name="Suite" finished-at="2020-06-30T16:31:18 EDT" duration-ms="2877">
    <groups>
    </groups>
    <test started-at="2020-06-30T16:31:15 EDT" name="Test" finished-at="2020-06-30T16:31:18 EDT" duration-ms="2877">
      <class name="UserAPI.FindByEmail">
        <test-method signature="getUserByEmail_ResponseBody()[pri:0, instance:UserAPI.FindByEmail@68567e20]" started-at="2020-06-30T16:31:17 EDT" name="getUserByEmail_ResponseBody" finished-at="2020-06-30T16:31:17 EDT" duration-ms="676" status="PASS">
          <reporter-output>
          </reporter-output>
        </test-method> <!-- getUserByEmail_ResponseBody -->
        <test-method signature="getUserByEmail_StatusCode()[pri:0, instance:UserAPI.FindByEmail@68567e20]" started-at="2020-06-30T16:31:17 EDT" name="getUserByEmail_StatusCode" finished-at="2020-06-30T16:31:17 EDT" duration-ms="31" status="PASS">
          <reporter-output>
          </reporter-output>
        </test-method> <!-- getUserByEmail_StatusCode -->
        <test-method signature="getUserByFirstNameResponseHeader()[pri:0, instance:UserAPI.FindByEmail@68567e20]" started-at="2020-06-30T16:31:17 EDT" name="getUserByFirstNameResponseHeader" finished-at="2020-06-30T16:31:17 EDT" duration-ms="23" status="PASS">
          <reporter-output>
          </reporter-output>
        </test-method> <!-- getUserByFirstNameResponseHeader -->
      </class> <!-- UserAPI.FindByEmail -->
      <class name="UserAPI.AllUsers">
        <test-method signature="getAllUserResponseBody()[pri:0, instance:UserAPI.AllUsers@2118cddf]" started-at="2020-06-30T16:31:15 EDT" name="getAllUserResponseBody" finished-at="2020-06-30T16:31:16 EDT" duration-ms="1761" status="PASS">
          <reporter-output>
          </reporter-output>
        </test-method> <!-- getAllUserResponseBody -->
        <test-method signature="getAllUserResponseHeaders()[pri:0, instance:UserAPI.AllUsers@2118cddf]" started-at="2020-06-30T16:31:16 EDT" name="getAllUserResponseHeaders" finished-at="2020-06-30T16:31:16 EDT" duration-ms="34" status="PASS">
          <reporter-output>
          </reporter-output>
        </test-method> <!-- getAllUserResponseHeaders -->
        <test-method signature="getAllUserStatusCode()[pri:0, instance:UserAPI.AllUsers@2118cddf]" started-at="2020-06-30T16:31:16 EDT" name="getAllUserStatusCode" finished-at="2020-06-30T16:31:17 EDT" duration-ms="34" status="PASS">
          <reporter-output>
          </reporter-output>
        </test-method> <!-- getAllUserStatusCode -->
      </class> <!-- UserAPI.AllUsers -->
      <class name="UserAPI.NewUserRegister">
        <test-method signature="createNewUser()[pri:0, instance:UserAPI.NewUserRegister@76ed1b7c]" started-at="2020-06-30T16:31:17 EDT" name="createNewUser" finished-at="2020-06-30T16:31:18 EDT" duration-ms="116" status="PASS">
          <reporter-output>
          </reporter-output>
        </test-method> <!-- createNewUser -->
      </class> <!-- UserAPI.NewUserRegister -->
      <class name="UserAPI.SearchByUserName">
        <test-method signature="getUserByFirstNameResponseBody()[pri:0, instance:UserAPI.SearchByUserName@17a7f733]" started-at="2020-06-30T16:31:17 EDT" name="getUserByFirstNameResponseBody" finished-at="2020-06-30T16:31:17 EDT" duration-ms="48" status="PASS">
          <reporter-output>
          </reporter-output>
        </test-method> <!-- getUserByFirstNameResponseBody -->
        <test-method signature="getUserByFirstNameResponseHeader()[pri:0, instance:UserAPI.SearchByUserName@17a7f733]" started-at="2020-06-30T16:31:17 EDT" name="getUserByFirstNameResponseHeader" finished-at="2020-06-30T16:31:17 EDT" duration-ms="38" status="PASS">
          <reporter-output>
          </reporter-output>
        </test-method> <!-- getUserByFirstNameResponseHeader -->
        <test-method signature="getUserByFirstNameStatusCode()[pri:0, instance:UserAPI.SearchByUserName@17a7f733]" started-at="2020-06-30T16:31:17 EDT" name="getUserByFirstNameStatusCode" finished-at="2020-06-30T16:31:17 EDT" duration-ms="49" status="PASS">
          <reporter-output>
          </reporter-output>
        </test-method> <!-- getUserByFirstNameStatusCode -->
      </class> <!-- UserAPI.SearchByUserName -->
    </test> <!-- Test -->
  </suite> <!-- Suite -->
</testng-results>
